[debug] [2022-01-19T03:56:41.071Z] ----------------------------------------------------------------------
[debug] [2022-01-19T03:56:41.072Z] Command:       /usr/local/bin/node /usr/local/bin/firebase init
[debug] [2022-01-19T03:56:41.072Z] CLI Version:   10.1.1
[debug] [2022-01-19T03:56:41.072Z] Platform:      darwin
[debug] [2022-01-19T03:56:41.072Z] Node Version:  v14.17.0
[debug] [2022-01-19T03:56:41.073Z] Time:          Tue Jan 18 2022 19:56:41 GMT-0800 (Pacific Standard Time)
[debug] [2022-01-19T03:56:41.073Z] ----------------------------------------------------------------------
[debug] 
[debug] [2022-01-19T03:56:41.079Z] > command requires scopes: ["email","openid","https://www.googleapis.com/auth/cloudplatformprojects.readonly","https://www.googleapis.com/auth/firebase","https://www.googleapis.com/auth/cloud-platform"]
[debug] [2022-01-19T03:56:41.080Z] > authorizing via signed-in user (maxwelllondon99@gmail.com)
[info] 
     ######## #### ########  ######## ########     ###     ######  ########
     ##        ##  ##     ## ##       ##     ##  ##   ##  ##       ##
     ######    ##  ########  ######   ########  #########  ######  ######
     ##        ##  ##    ##  ##       ##     ## ##     ##       ## ##
     ##       #### ##     ## ######## ########  ##     ##  ######  ########

You're about to initialize a Firebase project in this directory:

  /Users/maxwelllondon/jan-eleven-uw-474

[info] 
=== Project Setup
[info] 
[info] First, let's associate this project directory with a Firebase project.
[info] You can create multiple project aliases by running firebase use --add, 
[info] but for now we'll just set up a default project.
[info] 
[debug] [2022-01-19T03:58:01.938Z] >>> [apiv2][query] GET https://firebase.googleapis.com/v1beta1/projects pageSize=100
[debug] [2022-01-19T03:58:02.239Z] <<< [apiv2][status] GET https://firebase.googleapis.com/v1beta1/projects 200
[debug] [2022-01-19T03:58:02.240Z] <<< [apiv2][body] GET https://firebase.googleapis.com/v1beta1/projects [omitted]
[info] i  Using project uw-eleven-uw-474 (uw-eleven-uw-474) 
[info] 
=== Hosting Setup
[info] 
[info] Your public directory is the folder (relative to your project directory) that
[info] will contain Hosting assets to be uploaded with firebase deploy. If you
[info] have a build process for your assets, use your build's output directory.
[info] 
[debug] [2022-01-19T04:09:31.715Z] >>> [apiv2][query] GET https://www.gstatic.com/firebasejs/releases.json [none]
[debug] [2022-01-19T04:09:31.773Z] <<< [apiv2][status] GET https://www.gstatic.com/firebasejs/releases.json 200
[debug] [2022-01-19T04:09:31.773Z] <<< [apiv2][body] GET https://www.gstatic.com/firebasejs/releases.json {"current":{"version":"9.6.3","browserURL":"https://www.gstatic.com/firebasejs/9.6.3/firebase.js","packageURL":"https://www.gstatic.com/firebasejs/9.6.3/firebase.tgz"},"live":{"version":"9.6","browserURL":"https://www.gstatic.com/firebasejs/live/9.6/firebase.js","packageURL":"https://www.gstatic.com/firebasejs/live/9.6/firebase.tgz"},"components":{"analytics":"https://www.gstatic.com/firebasejs/9.6.3/firebase-analytics.js","app":"https://www.gstatic.com/firebasejs/9.6.3/firebase-app.js","app-check":"https://www.gstatic.com/firebasejs/9.6.3/firebase-app-check.js","auth":"https://www.gstatic.com/firebasejs/9.6.3/firebase-auth.js","auth/cordova":"https://www.gstatic.com/firebasejs/9.6.3/firebase-auth/cordova.js","auth/react-native":"https://www.gstatic.com/firebasejs/9.6.3/firebase-auth/react-native.js","functions":"https://www.gstatic.com/firebasejs/9.6.3/firebase-functions.js","firestore":"https://www.gstatic.com/firebasejs/9.6.3/firebase-firestore.js","firestore/lite":"https://www.gstatic.com/firebasejs/9.6.3/firebase-firestore/lite.js","storage":"https://www.gstatic.com/firebasejs/9.6.3/firebase-storage.js","performance":"https://www.gstatic.com/firebasejs/9.6.3/firebase-performance.js","remote-config":"https://www.gstatic.com/firebasejs/9.6.3/firebase-remote-config.js","messaging":"https://www.gstatic.com/firebasejs/9.6.3/firebase-messaging.js","messaging/sw":"https://www.gstatic.com/firebasejs/9.6.3/firebase-messaging/sw.js","database":"https://www.gstatic.com/firebasejs/9.6.3/firebase-database.js","firestore.memory":"https://www.gstatic.com/firebasejs/9.6.3/firebase-firestore.memory.js"}}
[info] ✔  Wrote /Users/maxwelllondon/jan-eleven-uw-474/index.html 
[info] 
[info] i  Didn't detect a .git folder. Assuming /Users/maxwelllondon/jan-eleven-uw-474 is the project root. 
[info] i  Authorizing with GitHub to upload your service account to a GitHub repository's secrets store. 
[info] 
[info] Visit this URL on this device to log in:
[info] https://github.com/login/oauth/authorize?client_id=89cf50f02ac6aaed3484&state=953909703&redirect_uri=http%3A%2F%2Flocalhost%3A9005&scope=read%3Auser%20repo%20public_repo
[info] 
[info] Waiting for authentication...
[debug] [2022-01-19T04:09:40.560Z] >>> HTTP REQUEST POST https://github.com/login/oauth/access_token  
 {"client_id":"89cf50f02ac6aaed3484","client_secret":"3330d14abc895d9a74d5f17cd7a00711fa2c5bf0","code":"1a411df6663b656952ec","redirect_uri":"http://localhost:9005","state":"953909703"}
[debug] [2022-01-19T04:09:40.889Z] <<< HTTP RESPONSE 200 {"server":"GitHub.com","date":"Wed, 19 Jan 2022 04:09:40 GMT","content-type":"application/json; charset=utf-8","transfer-encoding":"chunked","vary":"X-PJAX, X-PJAX-Container, Accept-Encoding, Accept, X-Requested-With","permissions-policy":"interest-cohort=()","etag":"W/\"8e57eff198c7fe8dc6ee51c5e385ddd9\"","cache-control":"max-age=0, private, must-revalidate","strict-transport-security":"max-age=31536000; includeSubdomains; preload","x-frame-options":"deny","x-content-type-options":"nosniff","x-xss-protection":"0","referrer-policy":"origin-when-cross-origin, strict-origin-when-cross-origin","expect-ct":"max-age=2592000, report-uri=\"https://api.github.com/_private/browser/errors\"","content-security-policy":"default-src 'none'; base-uri 'self'; block-all-mixed-content; child-src github.com/assets-cdn/worker/ gist.github.com/assets-cdn/worker/; connect-src 'self' uploads.github.com objects-origin.githubusercontent.com www.githubstatus.com collector.githubapp.com api.github.com github-cloud.s3.amazonaws.com github-production-repository-file-5c1aeb.s3.amazonaws.com github-production-upload-manifest-file-7fdce7.s3.amazonaws.com github-production-user-asset-6210df.s3.amazonaws.com cdn.optimizely.com logx.optimizely.com/v1/events translator.github.com wss://alive.github.com; font-src github.githubassets.com; form-action 'self' github.com gist.github.com objects-origin.githubusercontent.com; frame-ancestors 'none'; frame-src render.githubusercontent.com viewscreen.githubusercontent.com notebooks.githubusercontent.com; img-src 'self' data: github.githubassets.com identicons.github.com collector.githubapp.com github-cloud.s3.amazonaws.com secured-user-images.githubusercontent.com/ *.githubusercontent.com; manifest-src 'self'; media-src github.com user-images.githubusercontent.com/; script-src github.githubassets.com; style-src 'unsafe-inline' github.githubassets.com; worker-src github.com/assets-cdn/worker/ gist.github.com/assets-cdn/worker/","x-github-request-id":"EB66:3693:353A9D0:4A6B2B4:61E78F04"}
[debug] [2022-01-19T04:09:40.895Z] >>> [apiv2][query] GET https://api.github.com/user [none]
[debug] [2022-01-19T04:09:41.216Z] <<< [apiv2][status] GET https://api.github.com/user 200
[debug] [2022-01-19T04:09:41.216Z] <<< [apiv2][body] GET https://api.github.com/user {"login":"MaxwellLondon","id":45365999,"node_id":"MDQ6VXNlcjQ1MzY1OTk5","avatar_url":"https://avatars.githubusercontent.com/u/45365999?v=4","gravatar_id":"","url":"https://api.github.com/users/MaxwellLondon","html_url":"https://github.com/MaxwellLondon","followers_url":"https://api.github.com/users/MaxwellLondon/followers","following_url":"https://api.github.com/users/MaxwellLondon/following{/other_user}","gists_url":"https://api.github.com/users/MaxwellLondon/gists{/gist_id}","starred_url":"https://api.github.com/users/MaxwellLondon/starred{/owner}{/repo}","subscriptions_url":"https://api.github.com/users/MaxwellLondon/subscriptions","organizations_url":"https://api.github.com/users/MaxwellLondon/orgs","repos_url":"https://api.github.com/users/MaxwellLondon/repos","events_url":"https://api.github.com/users/MaxwellLondon/events{/privacy}","received_events_url":"https://api.github.com/users/MaxwellLondon/received_events","type":"User","site_admin":false,"name":null,"company":null,"blog":"","location":null,"email":null,"hireable":null,"bio":null,"twitter_username":null,"public_repos":4,"public_gists":0,"followers":0,"following":0,"created_at":"2018-11-26T16:38:21Z","updated_at":"2022-01-14T00:52:30Z","private_gists":0,"total_private_repos":0,"owned_private_repos":0,"disk_usage":6,"collaborators":0,"two_factor_authentication":false,"plan":{"name":"free","space":976562499,"collaborators":0,"private_repos":10000}}
[info] 
[info] ✔  Success! Logged into GitHub as MaxwellLondon 
[info] 
[debug] [2022-01-19T04:09:51.201Z] >>> [apiv2][query] GET https://api.github.com/repos/a/actions/secrets/public-key type=owner
[debug] [2022-01-19T04:09:51.488Z] <<< [apiv2][status] GET https://api.github.com/repos/a/actions/secrets/public-key 404
[debug] [2022-01-19T04:09:51.488Z] <<< [apiv2][body] GET https://api.github.com/repos/a/actions/secrets/public-key {"message":"Not Found","documentation_url":"https://docs.github.com/rest"}
[debug] [2022-01-19T04:10:47.343Z] TypeError: Cannot read property 'setRawMode' of null
    at ReadStream.setRawMode (tty.js:76:28)
    at Interface._setRawMode (readline.js:303:16)
    at Interface.close (readline.js:426:10)
    at ReadStream.ontermend (readline.js:209:10)
    at ReadStream.emit (events.js:388:22)
    at ReadStream.emit (domain.js:470:12)
    at endReadableNT (internal/streams/readable.js:1336:12)
    at processTicksAndRejections (internal/process/task_queues.js:82:21)
[error] 
[error] Error: An unexpected error has occurred.
[debug] [2022-01-19T04:10:47.348Z] Error: write EIO
    at afterWriteDispatched (internal/stream_base_commons.js:156:25)
    at writeGeneric (internal/stream_base_commons.js:147:3)
    at WriteStream.Socket._writeGeneric (net.js:785:11)
    at WriteStream.Socket._write (net.js:797:8)
    at writeOrBuffer (internal/streams/writable.js:358:12)
    at WriteStream.Writable.write (internal/streams/writable.js:303:10)
    at Console.log (/usr/local/lib/node_modules/firebase-tools/node_modules/winston/lib/winston/transports/console.js:79:23)
    at Console._write (/usr/local/lib/node_modules/firebase-tools/node_modules/winston-transport/index.js:103:17)
    at doWrite (/usr/local/lib/node_modules/firebase-tools/node_modules/winston-transport/node_modules/readable-stream/lib/_stream_writable.js:428:64)
    at writeOrBuffer (/usr/local/lib/node_modules/firebase-tools/node_modules/winston-transport/node_modules/readable-stream/lib/_stream_writable.js:417:5)
    at Console.Writable.write (/usr/local/lib/node_modules/firebase-tools/node_modules/winston-transport/node_modules/readable-stream/lib/_stream_writable.js:334:11)
    at DerivedLogger.ondata (/usr/local/lib/node_modules/firebase-tools/node_modules/readable-stream/lib/_stream_readable.js:662:20)
    at DerivedLogger.emit (events.js:388:22)
    at DerivedLogger.emit (domain.js:470:12)
    at addChunk (/usr/local/lib/node_modules/firebase-tools/node_modules/readable-stream/lib/_stream_readable.js:297:12)
    at readableAddChunk (/usr/local/lib/node_modules/firebase-tools/node_modules/readable-stream/lib/_stream_readable.js:279:11)
[error] 
[error] Error: An unexpected error has occurred.
